#
# A fatal error has been detected by the Java Runtime Environment:
#
#  EXCEPTION_ACCESS_VIOLATION (0xc0000005) at pc=0x00007ffaa8034a47, pid=11800, tid=13288
#
# JRE version: OpenJDK Runtime Environment (15.0.1+9) (build 15.0.1+9-18)
# Java VM: OpenJDK 64-Bit Server VM (15.0.1+9-18, mixed mode, sharing, tiered, compressed oops, g1 gc, windows-amd64)
# Problematic frame:
# V  [jvm.dll+0x524a47]
#
# No core dump will be written. Minidumps are not enabled by default on client versions of Windows
#
# If you would like to submit a bug report, please visit:
#   https://bugreport.java.com/bugreport/crash.jsp
#

---------------  S U M M A R Y ------------

Command Line: --module-path=C:\Users\hiima\Documents\IntelliJ\JavaFxJDK\javafx-sdk-15.0.1\lib --add-modules=javafx.controls,javafx.fxml -javaagent:C:\Program Files\JetBrains\IntelliJ IDEA 2020.2.3\lib\idea_rt.jar=51378:C:\Program Files\JetBrains\IntelliJ IDEA 2020.2.3\bin -Dfile.encoding=UTF-8 Main

Host: Intel(R) Core(TM) i7-6700HQ CPU @ 2.60GHz, 8 cores, 15G,  Windows 10 , 64 bit Build 19041 (10.0.19041.662)
Time: Sun Jan 10 15:59:05 2021 Paris, Madrid elapsed time: 1.616570 seconds (0d 0h 0m 1s)

---------------  T H R E A D  ---------------

Current thread (0x0000020a7edd64a0):  JavaThread "C2 CompilerThread0" daemon [_thread_in_native, id=13288, stack(0x000000132d500000,0x000000132d600000)]


Current CompileTask:
C2:   1617  955       4       com.sun.media.sound.AudioFloatFormatConverter$AudioFloatInputStreamResampler::readNextBuffer (287 bytes)

Stack: [0x000000132d500000,0x000000132d600000],  sp=0x000000132d5fba00,  free space=1006k
Native frames: (J=compiled Java code, j=interpreted, Vv=VM code, C=native code)
V  [jvm.dll+0x524a47]
V  [jvm.dll+0x52527a]
V  [jvm.dll+0x18e0ff]
V  [jvm.dll+0x1ea762]
V  [jvm.dll+0x1e98ae]
V  [jvm.dll+0x1784c7]
V  [jvm.dll+0x1f9165]
V  [jvm.dll+0x1f720c]
V  [jvm.dll+0x74485d]
V  [jvm.dll+0x73d65a]
V  [jvm.dll+0x629c56]
C  [ucrtbase.dll+0x214c2]
C  [KERNEL32.DLL+0x17034]
C  [ntdll.dll+0x4d0d1]


siginfo: EXCEPTION_ACCESS_VIOLATION (0xc0000005), reading address 0x00007bfaa8593a60


Register to memory mapping:

RIP=0x00007ffaa8034a47 jvm.dll
RAX=0x0000020a15f19f40 points into unknown readable memory: 0x00007bfaa8593a60 | 60 3a 59 a8 fa 7b 00 00
RBX=0x0000000000000002 is an unknown value
RCX=0x0000000000000002 is an unknown value
RDX=0x00007bfaa8593a60 is an unknown value
RSP=0x000000132d5fba00 is pointing into the stack for thread: 0x0000020a7edd64a0
RBP=0x0000000000000004 is an unknown value
RSI=0x0 is NULL
RDI=0x0000020a1518ae70 points into unknown readable memory: 0x0000000000000000 | 00 00 00 00 00 00 00 00
R8 =0x0000000000000002 is an unknown value
R9 =0x00007ffaa8593a60 jvm.dll
R10=0x0000000000025080 is an unknown value
R11=0x00000000000003b4 is an unknown value
R12=0x0000020a16567ed0 points into unknown readable memory: 0x0000000000000000 | 00 00 00 00 00 00 00 00
R13=0x000000132d5fbcb0 is pointing into the stack for thread: 0x0000020a7edd64a0
R14=0x0 is NULL
R15=0x0000020a16538930 points into unknown readable memory: 0x0000000000000000 | 00 00 00 00 00 00 00 00


Registers:
RAX=0x0000020a15f19f40, RBX=0x0000000000000002, RCX=0x0000000000000002, RDX=0x00007bfaa8593a60
RSP=0x000000132d5fba00, RBP=0x0000000000000004, RSI=0x0000000000000000, RDI=0x0000020a1518ae70
R8 =0x0000000000000002, R9 =0x00007ffaa8593a60, R10=0x0000000000025080, R11=0x00000000000003b4
R12=0x0000020a16567ed0, R13=0x000000132d5fbcb0, R14=0x0000000000000000, R15=0x0000020a16538930
RIP=0x00007ffaa8034a47, EFLAGS=0x0000000000010202

Top of Stack: (sp=0x000000132d5fba00)
0x000000132d5fba00:   0000020a7f9f1160 0000020a1518ae70
0x000000132d5fba10:   000000132d5fbbb0 0000000000000000
0x000000132d5fba20:   0000000200000002 0000000100000001
0x000000132d5fba30:   0000000000000017 0000020a156a6dc0
0x000000132d5fba40:   0000020a15a8b2c0 0000020a7f9f1160
0x000000132d5fba50:   0000020a16566a30 0000020a15a1f7d0
0x000000132d5fba60:   0000020a7f9f1160 000000132d5fbcb0
0x000000132d5fba70:   0000000000000008 0000000000000001
0x000000132d5fba80:   0000020a15a21e28 0000000000000000
0x000000132d5fba90:   0000000000000001 00007ffaa803527a
0x000000132d5fbaa0:   0000020a16567ed0 0000020a15a1f7d0
0x000000132d5fbab0:   0000000000000000 000000132d5fbb08
0x000000132d5fbac0:   0000000000000008 0000000000000040
0x000000132d5fbad0:   0000020a151030b0 0000020a7edca610
0x000000132d5fbae0:   0000020a16567f70 0000020a160e5430
0x000000132d5fbaf0:   00000000001ae908 0000020a160ea960 

Instructions: (pc=0x00007ffaa8034a47)
0x00007ffaa8034947:   1c d8 48 89 9c 24 b0 00 00 00 48 85 db 74 05 48
0x00007ffaa8034957:   8b fb eb 08 e8 50 0f 00 00 48 8b f8 83 3e 00 0f
0x00007ffaa8034967:   84 6f 01 00 00 48 8b 46 08 4c 8d 0d e9 f0 55 00
0x00007ffaa8034977:   8b 4e 04 45 33 c0 4c 8b a4 24 a0 00 00 00 41 8b
0x00007ffaa8034987:   d8 89 5c 24 24 44 89 44 24 20 48 c7 44 24 28 08
0x00007ffaa8034997:   00 00 00 89 4c 24 30 4c 89 44 24 38 48 89 44 24
0x00007ffaa80349a7:   40 48 89 74 24 48 4c 89 74 24 60 45 85 c0 74 1c
0x00007ffaa80349b7:   41 8b c0 48 0f bc d0 8b ca 41 d3 e8 41 ff c8 03
0x00007ffaa80349c7:   da 44 89 44 24 20 89 5c 24 24 eb 28 83 7c 24 28
0x00007ffaa80349d7:   08 72 0e 8b 44 24 30 39 44 24 2c 0f 83 d6 00 00
0x00007ffaa80349e7:   00 48 8d 4c 24 20 e8 2e ea e0 ff 8b d8 4c 8d 0d
0x00007ffaa80349f7:   65 f0 55 00 85 db 0f 84 bb 00 00 00 8b c3 48 c1
0x00007ffaa8034a07:   e8 08 8b f3 4c 8d 34 c5 00 00 00 00 49 8b 47 08
0x00007ffaa8034a17:   49 8b 14 06 49 3b d1 75 14 8b d3 49 8b cf e8 b6
0x00007ffaa8034a27:   eb e0 ff 48 8b d0 4c 8d 0d 2c f0 55 00 48 c1 ee
0x00007ffaa8034a37:   05 8b cb 83 e6 07 83 e1 1f bd 01 00 00 00 d3 e5
0x00007ffaa8034a47:   8b 0c b2 8b c1 0b c5 89 04 b2 85 cd 75 4b 41 ff
0x00007ffaa8034a57:   07 49 8b 44 24 08 4a 8b 0c 30 85 2c b1 75 3a 48
0x00007ffaa8034a67:   8b 47 08 49 8b 14 06 49 3b d1 75 14 8b d3 48 8b
0x00007ffaa8034a77:   cf e8 63 eb e0 ff 48 8b d0 4c 8d 0d d9 ef 55 00
0x00007ffaa8034a87:   8b 0c b2 8b c1 0b c5 89 04 b2 85 cd 74 19 66 66
0x00007ffaa8034a97:   66 0f 1f 84 00 00 00 00 00 8b 5c 24 24 44 8b 44
0x00007ffaa8034aa7:   24 20 e9 04 ff ff ff ff 07 8b 5c 24 24 44 8b 44
0x00007ffaa8034ab7:   24 20 e9 f4 fe ff ff 4c 8b a4 24 a8 00 00 00 48
0x00007ffaa8034ac7:   8b 9c 24 b0 00 00 00 48 8b ac 24 b8 00 00 00 4c
0x00007ffaa8034ad7:   8b 74 24 60 83 3f 00 4c 8b 7c 24 58 48 8b 74 24
0x00007ffaa8034ae7:   68 74 4b 41 8b 4c 24 4c 49 8b 45 28 ff c9 48 89
0x00007ffaa8034af7:   3c c8 48 85 db 75 46 41 8b 4c 24 4c 8b c1 c1 e8
0x00007ffaa8034b07:   05 3b 45 00 73 37 8b d0 83 e1 1f 48 8b 45 08 8b
0x00007ffaa8034b17:   04 90 0f a3 c8 73 26 49 8b 4d 38 49 8b d4 48 83
0x00007ffaa8034b27:   c4 70 41 5d 41 5c 5f 5d 5b e9 bb 6f bd ff 49 8b
0x00007ffaa8034b37:   45 30 48 89 87 98 00 00 00 49 89 7d 30 48 83 c4 


Stack slot to memory mapping:
stack at sp + 0 slots: 0x0000020a7f9f1160 points into unknown readable memory: 0x0000001700000014 | 14 00 00 00 17 00 00 00
stack at sp + 1 slots: 0x0000020a1518ae70 points into unknown readable memory: 0x0000000000000000 | 00 00 00 00 00 00 00 00
stack at sp + 2 slots: 0x000000132d5fbbb0 is pointing into the stack for thread: 0x0000020a7edd64a0
stack at sp + 3 slots: 0x0 is NULL
stack at sp + 4 slots: 0x0000000200000002 is an unknown value
stack at sp + 5 slots: 0x0000000100000001 is an unknown value
stack at sp + 6 slots: 0x0000000000000017 is an unknown value
stack at sp + 7 slots: 0x0000020a156a6dc0 points into unknown readable memory: 0x000000000000000c | 0c 00 00 00 00 00 00 00


---------------  P R O C E S S  ---------------

Threads class SMR info:
_java_thread_list=0x0000020a16303ec0, length=19, elements={
0x0000020a70662050, 0x0000020a7edb0d40, 0x0000020a7edb1820, 0x0000020a7edc67f0,
0x0000020a7edc70b0, 0x0000020a7edc9980, 0x0000020a7edd64a0, 0x0000020a7edd7350,
0x0000020a7edf5c70, 0x0000020a7ed951f0, 0x0000020a153c32a0, 0x0000020a154ea180,
0x0000020a15278b30, 0x0000020a15703f90, 0x0000020a155adac0, 0x0000020a15c63040,
0x0000020a162d0770, 0x0000020a15d2a920, 0x0000020a15d8a990
}

Java Threads: ( => current thread )
  0x0000020a70662050 JavaThread "main" [_thread_blocked, id=2248, stack(0x000000132c900000,0x000000132ca00000)]
  0x0000020a7edb0d40 JavaThread "Reference Handler" daemon [_thread_blocked, id=11256, stack(0x000000132d000000,0x000000132d100000)]
  0x0000020a7edb1820 JavaThread "Finalizer" daemon [_thread_blocked, id=5536, stack(0x000000132d100000,0x000000132d200000)]
  0x0000020a7edc67f0 JavaThread "Signal Dispatcher" daemon [_thread_blocked, id=9568, stack(0x000000132d200000,0x000000132d300000)]
  0x0000020a7edc70b0 JavaThread "Attach Listener" daemon [_thread_blocked, id=11244, stack(0x000000132d300000,0x000000132d400000)]
  0x0000020a7edc9980 JavaThread "Service Thread" daemon [_thread_blocked, id=10704, stack(0x000000132d400000,0x000000132d500000)]
=>0x0000020a7edd64a0 JavaThread "C2 CompilerThread0" daemon [_thread_in_native, id=13288, stack(0x000000132d500000,0x000000132d600000)]
  0x0000020a7edd7350 JavaThread "C1 CompilerThread0" daemon [_thread_blocked, id=15828, stack(0x000000132d600000,0x000000132d700000)]
  0x0000020a7edf5c70 JavaThread "Sweeper thread" daemon [_thread_blocked, id=6764, stack(0x000000132d700000,0x000000132d800000)]
  0x0000020a7ed951f0 JavaThread "Common-Cleaner" daemon [_thread_blocked, id=7820, stack(0x000000132d800000,0x000000132d900000)]
  0x0000020a153c32a0 JavaThread "Monitor Ctrl-Break" daemon [_thread_in_native, id=4892, stack(0x000000132db00000,0x000000132dc00000)]
  0x0000020a154ea180 JavaThread "Notification Thread" daemon [_thread_blocked, id=9072, stack(0x000000132dc00000,0x000000132dd00000)]
  0x0000020a15278b30 JavaThread "QuantumRenderer-0" daemon [_thread_blocked, id=9420, stack(0x000000132d900000,0x000000132da00000)]
  0x0000020a15703f90 JavaThread "InvokeLaterDispatcher" daemon [_thread_blocked, id=13920, stack(0x000000132de00000,0x000000132df00000)]
  0x0000020a155adac0 JavaThread "JavaFX Application Thread" [_thread_in_native, id=2496, stack(0x000000132df00000,0x000000132e000000)]
  0x0000020a15c63040 JavaThread "Thread-1" daemon [_thread_in_native, id=15416, stack(0x000000132e000000,0x000000132e100000)]
  0x0000020a162d0770 JavaThread "Java Sound Event Dispatcher" daemon [_thread_blocked, id=8552, stack(0x000000132e300000,0x000000132e400000)]
  0x0000020a15d2a920 JavaThread "Thread-2" daemon [_thread_blocked, id=9028, stack(0x000000132e700000,0x000000132e800000)]
  0x0000020a15d8a990 JavaThread "C2 CompilerThread1" daemon [_thread_blocked, id=2708, stack(0x000000132e800000,0x000000132e900000)]

Other Threads:
  0x0000020a7edaac10 VMThread "VM Thread" [stack: 0x000000132cf00000,0x000000132d000000] [id=1916]
  0x0000020a15392850 WatcherThread [stack: 0x000000132dd00000,0x000000132de00000] [id=15888]
  0x0000020a706b2940 GCTaskThread "GC Thread#0" [stack: 0x000000132ca00000,0x000000132cb00000] [id=11952]
  0x0000020a150b2c00 GCTaskThread "GC Thread#1" [stack: 0x000000132ec00000,0x000000132ed00000] [id=4292]
  0x0000020a150af900 GCTaskThread "GC Thread#2" [stack: 0x000000132ed00000,0x000000132ee00000] [id=240]
  0x0000020a150b2f30 GCTaskThread "GC Thread#3" [stack: 0x000000132ee00000,0x000000132ef00000] [id=3460]
  0x0000020a150b1c10 GCTaskThread "GC Thread#4" [stack: 0x000000132ef00000,0x000000132f000000] [id=10576]
  0x0000020a150b2270 GCTaskThread "GC Thread#5" [stack: 0x000000132f000000,0x000000132f100000] [id=9944]
  0x0000020a706c49c0 ConcurrentGCThread "G1 Main Marker" [stack: 0x000000132cb00000,0x000000132cc00000] [id=1220]
  0x0000020a706c5ce0 ConcurrentGCThread "G1 Conc#0" [stack: 0x000000132cc00000,0x000000132cd00000] [id=15944]
  0x0000020a7eca40f0 ConcurrentGCThread "G1 Refine#0" [stack: 0x000000132cd00000,0x000000132ce00000] [id=13792]
  0x0000020a7eca5c10 ConcurrentGCThread "G1 Young RemSet Sampling" [stack: 0x000000132ce00000,0x000000132cf00000] [id=2552]

Threads with active compile tasks:
C2 CompilerThread0     2064  955       4       com.sun.media.sound.AudioFloatFormatConverter$AudioFloatInputStreamResampler::readNextBuffer (287 bytes)

VM state: not at safepoint (normal execution)

VM Mutex/Monitor currently owned by a thread: None

Heap address: 0x0000000701600000, size: 4074 MB, Compressed Oops mode: Zero based, Oop shift amount: 3
CDS archive(s) mapped at: [0x0000000800000000-0x0000000800b50000-0x0000000800b50000), size 11862016, SharedBaseAddress: 0x0000000800000000, ArchiveRelocationMode: 0.
Compressed class space mapped at: 0x0000000800b50000-0x0000000840b50000, size: 1073741824
Narrow klass base: 0x0000000800000000, Narrow klass shift: 3, Narrow klass range: 0x100000000

GC Precious Log:
 CPUs: 8 total, 8 available
 Memory: 16291M
 Large Page Support: Disabled
 NUMA Support: Disabled
 Compressed Oops: Enabled (Zero based)
 Heap Region Size: 2M
 Heap Min Capacity: 8M
 Heap Initial Capacity: 256M
 Heap Max Capacity: 4074M
 Pre-touch: Disabled
 Parallel Workers: 8
 Concurrent Workers: 2
 Concurrent Refinement Workers: 8
 Periodic GC: Disabled

Heap:
 garbage-first heap   total 262144K, used 107107K [0x0000000701600000, 0x0000000800000000)
  region size 2048K, 17 young (34816K), 2 survivors (4096K)
 Metaspace       used 4913K, capacity 6740K, committed 6912K, reserved 1056768K
  class space    used 525K, capacity 677K, committed 768K, reserved 1048576K

Heap Regions: E=young(eden), S=young(survivor), O=old, HS=humongous(starts), HC=humongous(continues), CS=collection set, F=free, OA=open archive, CA=closed archive, TAMS=top-at-mark-start (previous, next)
|   0|0x0000000701600000, 0x0000000701800000, 0x0000000701800000|100%|HS|  |TAMS 0x0000000701600000, 0x0000000701600000| Complete 
|   1|0x0000000701800000, 0x0000000701a00000, 0x0000000701a00000|100%|HS|  |TAMS 0x0000000701800000, 0x0000000701800000| Complete 
|   2|0x0000000701a00000, 0x0000000701c00000, 0x0000000701c00000|100%|HS|  |TAMS 0x0000000701a00000, 0x0000000701a00000| Complete 
|   3|0x0000000701c00000, 0x0000000701e00000, 0x0000000701e00000|100%|HS|  |TAMS 0x0000000701c00000, 0x0000000701c00000| Complete 
|   4|0x0000000701e00000, 0x0000000702000000, 0x0000000702000000|100%|HC|  |TAMS 0x0000000701e00000, 0x0000000701e00000| Complete 
|   5|0x0000000702000000, 0x0000000702200000, 0x0000000702200000|100%|HS|  |TAMS 0x0000000702000000, 0x0000000702000000| Complete 
|   6|0x0000000702200000, 0x0000000702400000, 0x0000000702400000|100%|HS|  |TAMS 0x0000000702200000, 0x0000000702200000| Complete 
|   7|0x0000000702400000, 0x0000000702600000, 0x0000000702600000|100%|HC|  |TAMS 0x0000000702400000, 0x0000000702400000| Complete 
|   8|0x0000000702600000, 0x0000000702800000, 0x0000000702800000|100%|HC|  |TAMS 0x0000000702600000, 0x0000000702600000| Complete 
|   9|0x0000000702800000, 0x0000000702a00000, 0x0000000702a00000|100%|HS|  |TAMS 0x0000000702800000, 0x0000000702800000| Complete 
|  10|0x0000000702a00000, 0x0000000702c00000, 0x0000000702c00000|100%|HC|  |TAMS 0x0000000702a00000, 0x0000000702a00000| Complete 
|  11|0x0000000702c00000, 0x0000000702e00000, 0x0000000702e00000|100%|HS|  |TAMS 0x0000000702c00000, 0x0000000702c00000| Complete 
|  12|0x0000000702e00000, 0x0000000703000000, 0x0000000703000000|100%|HC|  |TAMS 0x0000000702e00000, 0x0000000702e00000| Complete 
|  13|0x0000000703000000, 0x0000000703200000, 0x0000000703200000|100%| O|  |TAMS 0x0000000703000000, 0x0000000703000000| Untracked 
|  14|0x0000000703200000, 0x0000000703400000, 0x0000000703400000|100%|HS|  |TAMS 0x0000000703200000, 0x0000000703200000| Complete 
|  15|0x0000000703400000, 0x0000000703600000, 0x0000000703600000|100%|HC|  |TAMS 0x0000000703400000, 0x0000000703400000| Complete 
|  16|0x0000000703600000, 0x0000000703800000, 0x0000000703800000|100%|HC|  |TAMS 0x0000000703600000, 0x0000000703600000| Complete 
|  17|0x0000000703800000, 0x0000000703a00000, 0x0000000703a00000|100%|HS|  |TAMS 0x0000000703800000, 0x0000000703800000| Complete 
|  18|0x0000000703a00000, 0x0000000703c00000, 0x0000000703c00000|100%|HC|  |TAMS 0x0000000703a00000, 0x0000000703a00000| Complete 
|  19|0x0000000703c00000, 0x0000000703e00000, 0x0000000703e00000|100%|HS|  |TAMS 0x0000000703c00000, 0x0000000703c00000| Complete 
|  20|0x0000000703e00000, 0x0000000704000000, 0x0000000704000000|100%|HC|  |TAMS 0x0000000703e00000, 0x0000000703e00000| Complete 
|  21|0x0000000704000000, 0x0000000704200000, 0x0000000704200000|100%|HS|  |TAMS 0x0000000704000000, 0x0000000704000000| Complete 
|  22|0x0000000704200000, 0x0000000704400000, 0x0000000704400000|100%|HC|  |TAMS 0x0000000704200000, 0x0000000704200000| Complete 
|  23|0x0000000704400000, 0x0000000704600000, 0x0000000704600000|100%|HC|  |TAMS 0x0000000704400000, 0x0000000704400000| Complete 
|  24|0x0000000704600000, 0x0000000704800000, 0x0000000704800000|100%|HS|  |TAMS 0x0000000704600000, 0x0000000704600000| Complete 
|  25|0x0000000704800000, 0x0000000704a00000, 0x0000000704a00000|100%|HS|  |TAMS 0x0000000704800000, 0x0000000704800000| Complete 
|  26|0x0000000704a00000, 0x0000000704c00000, 0x0000000704c00000|100%|HS|  |TAMS 0x0000000704a00000, 0x0000000704a00000| Complete 
|  27|0x0000000704c00000, 0x0000000704e00000, 0x0000000704e00000|100%|HC|  |TAMS 0x0000000704c00000, 0x0000000704c00000| Complete 
|  28|0x0000000704e00000, 0x0000000705000000, 0x0000000705000000|100%|HC|  |TAMS 0x0000000704e00000, 0x0000000704e00000| Complete 
|  29|0x0000000705000000, 0x0000000705200000, 0x0000000705200000|100%| O|  |TAMS 0x0000000705000000, 0x0000000705000000| Untracked 
|  30|0x0000000705200000, 0x0000000705298e00, 0x0000000705400000| 29%| O|  |TAMS 0x0000000705200000, 0x0000000705200000| Untracked 
|  31|0x0000000705400000, 0x0000000705600000, 0x0000000705600000|100%|HS|  |TAMS 0x0000000705400000, 0x0000000705400000| Complete 
|  32|0x0000000705600000, 0x0000000705800000, 0x0000000705800000|100%|HC|  |TAMS 0x0000000705600000, 0x0000000705600000| Complete 
|  33|0x0000000705800000, 0x0000000705a00000, 0x0000000705a00000|100%|HC|  |TAMS 0x0000000705800000, 0x0000000705800000| Complete 
|  34|0x0000000705a00000, 0x0000000705c00000, 0x0000000705c00000|100%|HS|  |TAMS 0x0000000705a00000, 0x0000000705a00000| Complete 
|  35|0x0000000705c00000, 0x0000000705e00000, 0x0000000705e00000|100%|HS|  |TAMS 0x0000000705c00000, 0x0000000705c00000| Complete 
|  36|0x0000000705e00000, 0x0000000706000000, 0x0000000706000000|100%|HC|  |TAMS 0x0000000705e00000, 0x0000000705e00000| Complete 
|  37|0x0000000706000000, 0x0000000706200000, 0x0000000706200000|100%|HS|  |TAMS 0x0000000706000000, 0x0000000706000000| Complete 
|  38|0x0000000706200000, 0x0000000706200000, 0x0000000706400000|  0%| F|  |TAMS 0x0000000706200000, 0x0000000706200000| Untracked 
|  39|0x0000000706400000, 0x0000000706400000, 0x0000000706600000|  0%| F|  |TAMS 0x0000000706400000, 0x0000000706400000| Untracked 
|  40|0x0000000706600000, 0x0000000706600000, 0x0000000706800000|  0%| F|  |TAMS 0x0000000706600000, 0x0000000706600000| Untracked 
|  41|0x0000000706800000, 0x0000000706800000, 0x0000000706a00000|  0%| F|  |TAMS 0x0000000706800000, 0x0000000706800000| Untracked 
|  42|0x0000000706a00000, 0x0000000706a00000, 0x0000000706c00000|  0%| F|  |TAMS 0x0000000706a00000, 0x0000000706a00000| Untracked 
|  43|0x0000000706c00000, 0x0000000706c00000, 0x0000000706e00000|  0%| F|  |TAMS 0x0000000706c00000, 0x0000000706c00000| Untracked 
|  44|0x0000000706e00000, 0x0000000706e00000, 0x0000000707000000|  0%| F|  |TAMS 0x0000000706e00000, 0x0000000706e00000| Untracked 
|  45|0x0000000707000000, 0x0000000707000000, 0x0000000707200000|  0%| F|  |TAMS 0x0000000707000000, 0x0000000707000000| Untracked 
|  46|0x0000000707200000, 0x0000000707200000, 0x0000000707400000|  0%| F|  |TAMS 0x0000000707200000, 0x0000000707200000| Untracked 
|  47|0x0000000707400000, 0x0000000707400000, 0x0000000707600000|  0%| F|  |TAMS 0x0000000707400000, 0x0000000707400000| Untracked 
|  48|0x0000000707600000, 0x0000000707600000, 0x0000000707800000|  0%| F|  |TAMS 0x0000000707600000, 0x0000000707600000| Untracked 
|  49|0x0000000707800000, 0x0000000707800000, 0x0000000707a00000|  0%| F|  |TAMS 0x0000000707800000, 0x0000000707800000| Untracked 
|  50|0x0000000707a00000, 0x0000000707a00000, 0x0000000707c00000|  0%| F|  |TAMS 0x0000000707a00000, 0x0000000707a00000| Untracked 
|  51|0x0000000707c00000, 0x0000000707c00000, 0x0000000707e00000|  0%| F|  |TAMS 0x0000000707c00000, 0x0000000707c00000| Untracked 
|  52|0x0000000707e00000, 0x0000000707e00000, 0x0000000708000000|  0%| F|  |TAMS 0x0000000707e00000, 0x0000000707e00000| Untracked 
|  53|0x0000000708000000, 0x0000000708000000, 0x0000000708200000|  0%| F|  |TAMS 0x0000000708000000, 0x0000000708000000| Untracked 
|  54|0x0000000708200000, 0x0000000708200000, 0x0000000708400000|  0%| F|  |TAMS 0x0000000708200000, 0x0000000708200000| Untracked 
|  55|0x0000000708400000, 0x0000000708400000, 0x0000000708600000|  0%| F|  |TAMS 0x0000000708400000, 0x0000000708400000| Untracked 
|  56|0x0000000708600000, 0x0000000708600000, 0x0000000708800000|  0%| F|  |TAMS 0x0000000708600000, 0x0000000708600000| Untracked 
|  57|0x0000000708800000, 0x0000000708800000, 0x0000000708a00000|  0%| F|  |TAMS 0x0000000708800000, 0x0000000708800000| Untracked 
|  58|0x0000000708a00000, 0x0000000708a00000, 0x0000000708c00000|  0%| F|  |TAMS 0x0000000708a00000, 0x0000000708a00000| Untracked 
|  59|0x0000000708c00000, 0x0000000708c00000, 0x0000000708e00000|  0%| F|  |TAMS 0x0000000708c00000, 0x0000000708c00000| Untracked 
|  60|0x0000000708e00000, 0x0000000708e00000, 0x0000000709000000|  0%| F|  |TAMS 0x0000000708e00000, 0x0000000708e00000| Untracked 
|  61|0x0000000709000000, 0x0000000709000000, 0x0000000709200000|  0%| F|  |TAMS 0x0000000709000000, 0x0000000709000000| Untracked 
|  62|0x0000000709200000, 0x0000000709200000, 0x0000000709400000|  0%| F|  |TAMS 0x0000000709200000, 0x0000000709200000| Untracked 
|  63|0x0000000709400000, 0x0000000709400000, 0x0000000709600000|  0%| F|  |TAMS 0x0000000709400000, 0x0000000709400000| Untracked 
|  64|0x0000000709600000, 0x0000000709600000, 0x0000000709800000|  0%| F|  |TAMS 0x0000000709600000, 0x0000000709600000| Untracked 
|  65|0x0000000709800000, 0x0000000709800000, 0x0000000709a00000|  0%| F|  |TAMS 0x0000000709800000, 0x0000000709800000| Untracked 
|  66|0x0000000709a00000, 0x0000000709a00000, 0x0000000709c00000|  0%| F|  |TAMS 0x0000000709a00000, 0x0000000709a00000| Untracked 
|  67|0x0000000709c00000, 0x0000000709c00000, 0x0000000709e00000|  0%| F|  |TAMS 0x0000000709c00000, 0x0000000709c00000| Untracked 
|  68|0x0000000709e00000, 0x0000000709e00000, 0x000000070a000000|  0%| F|  |TAMS 0x0000000709e00000, 0x0000000709e00000| Untracked 
|  69|0x000000070a000000, 0x000000070a000000, 0x000000070a200000|  0%| F|  |TAMS 0x000000070a000000, 0x000000070a000000| Untracked 
|  70|0x000000070a200000, 0x000000070a200000, 0x000000070a400000|  0%| F|  |TAMS 0x000000070a200000, 0x000000070a200000| Untracked 
|  71|0x000000070a400000, 0x000000070a400000, 0x000000070a600000|  0%| F|  |TAMS 0x000000070a400000, 0x000000070a400000| Untracked 
|  72|0x000000070a600000, 0x000000070a600000, 0x000000070a800000|  0%| F|  |TAMS 0x000000070a600000, 0x000000070a600000| Untracked 
|  73|0x000000070a800000, 0x000000070a800000, 0x000000070aa00000|  0%| F|  |TAMS 0x000000070a800000, 0x000000070a800000| Untracked 
|  74|0x000000070aa00000, 0x000000070aa00000, 0x000000070ac00000|  0%| F|  |TAMS 0x000000070aa00000, 0x000000070aa00000| Untracked 
|  75|0x000000070ac00000, 0x000000070ac00000, 0x000000070ae00000|  0%| F|  |TAMS 0x000000070ac00000, 0x000000070ac00000| Untracked 
|  76|0x000000070ae00000, 0x000000070ae00000, 0x000000070b000000|  0%| F|  |TAMS 0x000000070ae00000, 0x000000070ae00000| Untracked 
|  77|0x000000070b000000, 0x000000070b000000, 0x000000070b200000|  0%| F|  |TAMS 0x000000070b000000, 0x000000070b000000| Untracked 
|  78|0x000000070b200000, 0x000000070b200000, 0x000000070b400000|  0%| F|  |TAMS 0x000000070b200000, 0x000000070b200000| Untracked 
|  79|0x000000070b400000, 0x000000070b400000, 0x000000070b600000|  0%| F|  |TAMS 0x000000070b400000, 0x000000070b400000| Untracked 
|  80|0x000000070b600000, 0x000000070b600000, 0x000000070b800000|  0%| F|  |TAMS 0x000000070b600000, 0x000000070b600000| Untracked 
|  81|0x000000070b800000, 0x000000070b800000, 0x000000070ba00000|  0%| F|  |TAMS 0x000000070b800000, 0x000000070b800000| Untracked 
|  82|0x000000070ba00000, 0x000000070ba00000, 0x000000070bc00000|  0%| F|  |TAMS 0x000000070ba00000, 0x000000070ba00000| Untracked 
|  83|0x000000070bc00000, 0x000000070bc00000, 0x000000070be00000|  0%| F|  |TAMS 0x000000070bc00000, 0x000000070bc00000| Untracked 
|  84|0x000000070be00000, 0x000000070be00000, 0x000000070c000000|  0%| F|  |TAMS 0x000000070be00000, 0x000000070be00000| Untracked 
|  85|0x000000070c000000, 0x000000070c000000, 0x000000070c200000|  0%| F|  |TAMS 0x000000070c000000, 0x000000070c000000| Untracked 
|  86|0x000000070c200000, 0x000000070c200000, 0x000000070c400000|  0%| F|  |TAMS 0x000000070c200000, 0x000000070c200000| Untracked 
|  87|0x000000070c400000, 0x000000070c400000, 0x000000070c600000|  0%| F|  |TAMS 0x000000070c400000, 0x000000070c400000| Untracked 
|  88|0x000000070c600000, 0x000000070c600000, 0x000000070c800000|  0%| F|  |TAMS 0x000000070c600000, 0x000000070c600000| Untracked 
|  89|0x000000070c800000, 0x000000070c800000, 0x000000070ca00000|  0%| F|  |TAMS 0x000000070c800000, 0x000000070c800000| Untracked 
|  90|0x000000070ca00000, 0x000000070ca00000, 0x000000070cc00000|  0%| F|  |TAMS 0x000000070ca00000, 0x000000070ca00000| Untracked 
|  91|0x000000070cc00000, 0x000000070cc00000, 0x000000070ce00000|  0%| F|  |TAMS 0x000000070cc00000, 0x000000070cc00000| Untracked 
|  92|0x000000070ce00000, 0x000000070ce00000, 0x000000070d000000|  0%| F|  |TAMS 0x000000070ce00000, 0x000000070ce00000| Untracked 
|  93|0x000000070d000000, 0x000000070d000000, 0x000000070d200000|  0%| F|  |TAMS 0x000000070d000000, 0x000000070d000000| Untracked 
|  94|0x000000070d200000, 0x000000070d200000, 0x000000070d400000|  0%| F|  |TAMS 0x000000070d200000, 0x000000070d200000| Untracked 
|  95|0x000000070d400000, 0x000000070d400000, 0x000000070d600000|  0%| F|  |TAMS 0x000000070d400000, 0x000000070d400000| Untracked 
|  96|0x000000070d600000, 0x000000070d600000, 0x000000070d800000|  0%| F|  |TAMS 0x000000070d600000, 0x000000070d600000| Untracked 
|  97|0x000000070d800000, 0x000000070d800000, 0x000000070da00000|  0%| F|  |TAMS 0x000000070d800000, 0x000000070d800000| Untracked 
|  98|0x000000070da00000, 0x000000070da00000, 0x000000070dc00000|  0%| F|  |TAMS 0x000000070da00000, 0x000000070da00000| Untracked 
|  99|0x000000070dc00000, 0x000000070dc00000, 0x000000070de00000|  0%| F|  |TAMS 0x000000070dc00000, 0x000000070dc00000| Untracked 
| 100|0x000000070de00000, 0x000000070de00000, 0x000000070e000000|  0%| F|  |TAMS 0x000000070de00000, 0x000000070de00000| Untracked 
| 101|0x000000070e000000, 0x000000070e000000, 0x000000070e200000|  0%| F|  |TAMS 0x000000070e000000, 0x000000070e000000| Untracked 
| 102|0x000000070e200000, 0x000000070e200000, 0x000000070e400000|  0%| F|  |TAMS 0x000000070e200000, 0x000000070e200000| Untracked 
| 103|0x000000070e400000, 0x000000070e400000, 0x000000070e600000|  0%| F|  |TAMS 0x000000070e400000, 0x000000070e400000| Untracked 
| 104|0x000000070e600000, 0x000000070e600000, 0x000000070e800000|  0%| F|  |TAMS 0x000000070e600000, 0x000000070e600000| Untracked 
| 105|0x000000070e800000, 0x000000070e800000, 0x000000070ea00000|  0%| F|  |TAMS 0x000000070e800000, 0x000000070e800000| Untracked 
| 106|0x000000070ea00000, 0x000000070ea00000, 0x000000070ec00000|  0%| F|  |TAMS 0x000000070ea00000, 0x000000070ea00000| Untracked 
| 107|0x000000070ec00000, 0x000000070ec00000, 0x000000070ee00000|  0%| F|  |TAMS 0x000000070ec00000, 0x000000070ec00000| Untracked 
| 108|0x000000070ee00000, 0x000000070ee00000, 0x000000070f000000|  0%| F|  |TAMS 0x000000070ee00000, 0x000000070ee00000| Untracked 
| 109|0x000000070f000000, 0x000000070f000000, 0x000000070f200000|  0%| F|  |TAMS 0x000000070f000000, 0x000000070f000000| Untracked 
| 110|0x000000070f200000, 0x000000070f400000, 0x000000070f400000|100%| S|CS|TAMS 0x000000070f200000, 0x000000070f200000| Complete 
| 111|0x000000070f400000, 0x000000070f600000, 0x000000070f600000|100%| S|CS|TAMS 0x000000070f400000, 0x000000070f400000| Complete 
| 112|0x000000070f600000, 0x000000070f600000, 0x000000070f800000|  0%| F|  |TAMS 0x000000070f600000, 0x000000070f600000| Untracked 
| 113|0x000000070f800000, 0x000000070f8e4980, 0x000000070fa00000| 44%| E|  |TAMS 0x000000070f800000, 0x000000070f800000| Complete 
| 114|0x000000070fa00000, 0x000000070fc00000, 0x000000070fc00000|100%| E|  |TAMS 0x000000070fa00000, 0x000000070fa00000| Complete 
| 115|0x000000070fc00000, 0x000000070fe00000, 0x000000070fe00000|100%| E|CS|TAMS 0x000000070fc00000, 0x000000070fc00000| Complete 
| 116|0x000000070fe00000, 0x0000000710000000, 0x0000000710000000|100%| E|CS|TAMS 0x000000070fe00000, 0x000000070fe00000| Complete 
| 117|0x0000000710000000, 0x0000000710200000, 0x0000000710200000|100%| E|CS|TAMS 0x0000000710000000, 0x0000000710000000| Complete 
| 118|0x0000000710200000, 0x0000000710400000, 0x0000000710400000|100%| E|CS|TAMS 0x0000000710200000, 0x0000000710200000| Complete 
| 119|0x0000000710400000, 0x0000000710600000, 0x0000000710600000|100%| E|CS|TAMS 0x0000000710400000, 0x0000000710400000| Complete 
| 120|0x0000000710600000, 0x0000000710800000, 0x0000000710800000|100%| E|CS|TAMS 0x0000000710600000, 0x0000000710600000| Complete 
| 121|0x0000000710800000, 0x0000000710a00000, 0x0000000710a00000|100%| E|CS|TAMS 0x0000000710800000, 0x0000000710800000| Complete 
| 122|0x0000000710a00000, 0x0000000710c00000, 0x0000000710c00000|100%| E|CS|TAMS 0x0000000710a00000, 0x0000000710a00000| Complete 
| 123|0x0000000710c00000, 0x0000000710e00000, 0x0000000710e00000|100%| E|CS|TAMS 0x0000000710c00000, 0x0000000710c00000| Complete 
| 124|0x0000000710e00000, 0x0000000711000000, 0x0000000711000000|100%| E|CS|TAMS 0x0000000710e00000, 0x0000000710e00000| Complete 
| 125|0x0000000711000000, 0x0000000711200000, 0x0000000711200000|100%| E|CS|TAMS 0x0000000711000000, 0x0000000711000000| Complete 
| 126|0x0000000711200000, 0x0000000711400000, 0x0000000711400000|100%| E|CS|TAMS 0x0000000711200000, 0x0000000711200000| Complete 
| 127|0x0000000711400000, 0x0000000711600000, 0x0000000711600000|100%| E|CS|TAMS 0x0000000711400000, 0x0000000711400000| Complete 

Card table byte_map: [0x0000020a793d0000,0x0000020a79bd0000] _byte_map_base: 0x0000020a75bc5000

Marking Bits (Prev, Next): (CMBitMap*) 0x0000020a706b40d0, (CMBitMap*) 0x0000020a706b4110
 Prev Bits: [0x0000020a7a3d0000, 0x0000020a7e378000)
 Next Bits: [0x0000020a0f000000, 0x0000020a12fa8000)

Polling page: 0x0000020a6e610000

Metaspace:

Usage:
  Non-class:      5.92 MB capacity,     4.28 MB ( 72%) used,     1.63 MB ( 27%) free+waste,     9.75 KB ( <1%) overhead. 
      Class:    677.00 KB capacity,   525.85 KB ( 78%) used,   146.71 KB ( 22%) free+waste,     4.44 KB ( <1%) overhead. 
       Both:      6.58 MB capacity,     4.80 MB ( 73%) used,     1.77 MB ( 27%) free+waste,    14.19 KB ( <1%) overhead. 

Virtual space:
  Non-class space:        8.00 MB reserved,       6.00 MB ( 75%) committed 
      Class space:        1.00 GB reserved,     768.00 KB ( <1%) committed 
             Both:        1.01 GB reserved,       6.75 MB ( <1%) committed 

Chunk freelists:
   Non-Class:  1.00 KB
       Class:  0 bytes
        Both:  1.00 KB

MaxMetaspaceSize: 17179869184.00 GB
CompressedClassSpaceSize: 1.00 GB

CodeHeap 'non-profiled nmethods': size=120000Kb used=487Kb max_used=487Kb free=119512Kb
 bounds [0x0000020a07ad0000, 0x0000020a07d40000, 0x0000020a0f000000]
CodeHeap 'profiled nmethods': size=120000Kb used=1559Kb max_used=1559Kb free=118440Kb
 bounds [0x0000020a005a0000, 0x0000020a00810000, 0x0000020a07ad0000]
CodeHeap 'non-nmethods': size=5760Kb used=1231Kb max_used=1270Kb free=4529Kb
 bounds [0x0000020a00000000, 0x0000020a00270000, 0x0000020a005a0000]
 total_blobs=1564 nmethods=1057 adapters=420
 compilation: enabled
              stopped_count=0, restarted_count=0
 full_count=0

Compilation events (20 events):
Event: 1.590 Thread 0x0000020a15d8a990  946 % !   4       Music.TinySound.TinySound::readAllBytesTwoChannel @ 28 (152 bytes)
Event: 1.590 Thread 0x0000020a7edd7350 nmethod 991 0x0000020a00704a90 code [0x0000020a00704cc0, 0x0000020a00705308]
Event: 1.590 Thread 0x0000020a7edd7350  990       3       jdk.internal.reflect.ByteVectorImpl::getLength (7 bytes)
Event: 1.591 Thread 0x0000020a7edd7350 nmethod 990 0x0000020a00705690 code [0x0000020a00705820, 0x0000020a00705918]
Event: 1.591 Thread 0x0000020a7edd7350  994       3       jdk.internal.reflect.ByteVectorImpl::get (26 bytes)
Event: 1.591 Thread 0x0000020a7edd7350 nmethod 994 0x0000020a00705990 code [0x0000020a00705b40, 0x0000020a00705d08]
Event: 1.594 Thread 0x0000020a7edd7350  995       3       java.lang.String::<init> (10 bytes)
Event: 1.594 Thread 0x0000020a7edd7350 nmethod 995 0x0000020a00705e10 code [0x0000020a00705fc0, 0x0000020a00706108]
Event: 1.597 Thread 0x0000020a15d8a990 nmethod 946% 0x0000020a07b37690 code [0x0000020a07b37860, 0x0000020a07b37db8]
Event: 1.598 Thread 0x0000020a15d8a990  992       4       jdk.internal.reflect.ClassFileAssembler::emitByte (11 bytes)
Event: 1.599 Thread 0x0000020a15d8a990 nmethod 992 0x0000020a07b38190 code [0x0000020a07b38320, 0x0000020a07b38488]
Event: 1.599 Thread 0x0000020a15d8a990  993       4       jdk.internal.reflect.ByteVectorImpl::add (38 bytes)
Event: 1.601 Thread 0x0000020a15d8a990 nmethod 993 0x0000020a07b38610 code [0x0000020a07b387a0, 0x0000020a07b388a8]
Event: 1.601 Thread 0x0000020a15d8a990  996   !   4       Music.TinySound.TinySound::readAllBytesTwoChannel (152 bytes)
Event: 1.602 Thread 0x0000020a7edd7350  997       3       java.lang.reflect.AccessibleObject::checkPermission (16 bytes)
Event: 1.602 Thread 0x0000020a7edd7350 nmethod 997 0x0000020a00706210 code [0x0000020a007063e0, 0x0000020a00706788]
Event: 1.602 Thread 0x0000020a7edd7350  998       3       java.lang.reflect.AccessibleObject::checkCanSetAccessible (9 bytes)
Event: 1.602 Thread 0x0000020a7edd7350 nmethod 998 0x0000020a00706910 code [0x0000020a00706ac0, 0x0000020a00706be8]
Event: 1.602 Thread 0x0000020a7edd7350  999       3       java.lang.reflect.Constructor::setAccessible (21 bytes)
Event: 1.603 Thread 0x0000020a7edd7350 nmethod 999 0x0000020a00706c90 code [0x0000020a00706ec0, 0x0000020a00707698]

GC Heap History (2 events):
Event: 1.425 GC heap before
{Heap before GC invocations=0 (full 0):
 garbage-first heap   total 262144K, used 47104K [0x0000000701600000, 0x0000000800000000)
  region size 2048K, 11 young (22528K), 0 survivors (0K)
 Metaspace       used 4693K, capacity 6680K, committed 6912K, reserved 1056768K
  class space    used 511K, capacity 667K, committed 768K, reserved 1048576K
}
Event: 1.431 GC heap after
{Heap after GC invocations=1 (full 0):
 garbage-first heap   total 262144K, used 12638K [0x0000000701600000, 0x0000000800000000)
  region size 2048K, 2 young (4096K), 2 survivors (4096K)
 Metaspace       used 4693K, capacity 6680K, committed 6912K, reserved 1056768K
  class space    used 511K, capacity 667K, committed 768K, reserved 1048576K
}

Deoptimization events (20 events):
Event: 1.557 Thread 0x0000020a70662050 DEOPT PACKING pc=0x0000020a006ed139 sp=0x000000132c9fd3f0
Event: 1.557 Thread 0x0000020a70662050 DEOPT UNPACKING pc=0x0000020a0004e23f sp=0x000000132c9fc8c8 mode 0
Event: 1.557 Thread 0x0000020a70662050 DEOPT PACKING pc=0x0000020a006ed139 sp=0x000000132c9fd3f0
Event: 1.557 Thread 0x0000020a70662050 DEOPT UNPACKING pc=0x0000020a0004e23f sp=0x000000132c9fc8c8 mode 0
Event: 1.557 Thread 0x0000020a70662050 DEOPT PACKING pc=0x0000020a006ed139 sp=0x000000132c9fd3f0
Event: 1.557 Thread 0x0000020a70662050 DEOPT UNPACKING pc=0x0000020a0004e23f sp=0x000000132c9fc8c8 mode 0
Event: 1.557 Thread 0x0000020a70662050 DEOPT PACKING pc=0x0000020a006ed139 sp=0x000000132c9fd3f0
Event: 1.557 Thread 0x0000020a70662050 DEOPT UNPACKING pc=0x0000020a0004e23f sp=0x000000132c9fc8c8 mode 0
Event: 1.557 Thread 0x0000020a70662050 DEOPT PACKING pc=0x0000020a006ed139 sp=0x000000132c9fd3f0
Event: 1.557 Thread 0x0000020a70662050 DEOPT UNPACKING pc=0x0000020a0004e23f sp=0x000000132c9fc8c8 mode 0
Event: 1.558 Thread 0x0000020a70662050 DEOPT PACKING pc=0x0000020a006ed139 sp=0x000000132c9fd3f0
Event: 1.558 Thread 0x0000020a70662050 DEOPT UNPACKING pc=0x0000020a0004e23f sp=0x000000132c9fc8c8 mode 0
Event: 1.558 Thread 0x0000020a70662050 DEOPT PACKING pc=0x0000020a006ed139 sp=0x000000132c9fd3f0
Event: 1.558 Thread 0x0000020a70662050 DEOPT UNPACKING pc=0x0000020a0004e23f sp=0x000000132c9fc8c8 mode 0
Event: 1.558 Thread 0x0000020a70662050 DEOPT PACKING pc=0x0000020a006ed139 sp=0x000000132c9fd3f0
Event: 1.558 Thread 0x0000020a70662050 DEOPT UNPACKING pc=0x0000020a0004e23f sp=0x000000132c9fc8c8 mode 0
Event: 1.558 Thread 0x0000020a70662050 DEOPT PACKING pc=0x0000020a006f3eb1 sp=0x000000132c9fd490
Event: 1.558 Thread 0x0000020a70662050 DEOPT UNPACKING pc=0x0000020a0004e23f sp=0x000000132c9fc968 mode 0
Event: 1.600 Thread 0x0000020a70662050 DEOPT PACKING pc=0x0000020a006f029d sp=0x000000132c9fd7c0
Event: 1.600 Thread 0x0000020a70662050 DEOPT UNPACKING pc=0x0000020a0004e23f sp=0x000000132c9fcc58 mode 0

Classes unloaded (0 events):
No events

Classes redefined (0 events):
No events

Internal exceptions (13 events):
Event: 0.113 Thread 0x0000020a70662050 Exception <a 'sun/nio/fs/WindowsException'{0x00000007114d30e0}> (0x00000007114d30e0) 
thrown [./open/src/hotspot/share/prims/jni.cpp, line 578]
Event: 0.114 Thread 0x0000020a70662050 Exception <a 'sun/nio/fs/WindowsException'{0x00000007114d3608}> (0x00000007114d3608) 
thrown [./open/src/hotspot/share/prims/jni.cpp, line 578]
Event: 0.324 Thread 0x0000020a153c32a0 Exception <a 'java/lang/NoSuchMethodError'{0x0000000710fd94b8}: 'java.lang.Object java.lang.invoke.DirectMethodHandle$Holder.invokeStatic(java.lang.Object)'> (0x0000000710fd94b8) 
thrown [./open/src/hotspot/share/interpreter/linkResolver.cpp, line 782]
Event: 0.325 Thread 0x0000020a153c32a0 Exception <a 'java/lang/NoSuchMethodError'{0x0000000710fdcdc8}: 'java.lang.Object java.lang.invoke.DirectMethodHandle$Holder.invokeStaticInit(java.lang.Object)'> (0x0000000710fdcdc8) 
thrown [./open/src/hotspot/share/interpreter/linkResolver.cpp, line 782]
Event: 0.340 Thread 0x0000020a70662050 Exception <a 'java/lang/NoSuchMethodError'{0x0000000710c31b68}: 'void java.lang.invoke.DirectMethodHandle$Holder.invokeStatic(java.lang.Object, java.lang.Object)'> (0x0000000710c31b68) 
thrown [./open/src/hotspot/share/interpreter/linkResolver.cpp, line 782]
Event: 0.767 Thread 0x0000020a70662050 Exception <a 'java/lang/NoSuchMethodError'{0x0000000710b4daf8}: 'void java.lang.invoke.DirectMethodHandle$Holder.invokeSpecial(java.lang.Object, java.lang.Object, java.lang.Object)'> (0x0000000710b4daf8) 
thrown [./open/src/hotspot/share/interpreter/linkResolver.cpp, line 782]
Event: 0.775 Thread 0x0000020a70662050 Exception <a 'java/lang/NoSuchMethodError'{0x0000000710b85648}: 'void java.lang.invoke.DirectMethodHandle$Holder.invokeStatic(java.lang.Object, java.lang.Object, java.lang.Object)'> (0x0000000710b85648) 
thrown [./open/src/hotspot/share/interpreter/linkResolver.cpp, line 782]
Event: 0.852 Thread 0x0000020a70662050 Exception <a 'java/lang/NoSuchMethodError'{0x0000000710ba1d60}: 'int java.lang.invoke.DirectMethodHandle$Holder.invokeStaticInit(java.lang.Object, java.lang.Object, java.lang.Object)'> (0x0000000710ba1d60) 
thrown [./open/src/hotspot/share/interpreter/linkResolver.cpp, line 782]
Event: 0.884 Thread 0x0000020a70662050 Exception <a 'java/lang/NoSuchMethodError'{0x00000007108fe358}: 'java.lang.Object java.lang.invoke.DirectMethodHandle$Holder.newInvokeSpecial(java.lang.Object, java.lang.Object, int, java.lang.Object)'> (0x00000007108fe358) 
thrown [./open/src/hotspot/share/interpreter/linkResolver.cpp, line 782]
Event: 0.884 Thread 0x0000020a70662050 Exception <a 'java/lang/NoSuchMethodError'{0x0000000710902840}: 'java.lang.Object java.lang.invoke.DirectMethodHandle$Holder.invokeSpecial(java.lang.Object, java.lang.Object, java.lang.Object, int, java.lang.Object)'> (0x0000000710902840) 
thrown [./open/src/hotspot/share/interpreter/linkResolver.cpp, line 782]
Event: 1.000 Thread 0x0000020a155adac0 Exception <a 'java/lang/NoSuchMethodError'{0x00000007107c3e00}: 'void java.lang.invoke.DirectMethodHandle$Holder.invokeStaticInit(java.lang.Object)'> (0x00000007107c3e00) 
thrown [./open/src/hotspot/share/interpreter/linkResolver.cpp, line 782]
Event: 1.004 Thread 0x0000020a70662050 Exception <a 'java/lang/NoSuchMethodError'{0x0000000710918b08}: 'java.lang.Object java.lang.invoke.DirectMethodHandle$Holder.newInvokeSpecial(java.lang.Object, java.lang.Object, java.lang.Object, java.lang.Object, java.lang.Object, java.lang.Object)'> (0x0000000710918b08) 
thrown [./open/src/hotspot/share/interpreter/linkResolver.cpp, line 782]
Event: 1.225 Thread 0x0000020a70662050 Exception <a 'java/lang/NoSuchMethodError'{0x00000007104cb478}: 'int java.lang.invoke.DirectMethodHandle$Holder.invokeVirtual(java.lang.Object, java.lang.Object, java.lang.Object)'> (0x00000007104cb478) 
thrown [./open/src/hotspot/share/interpreter/linkResolver.cpp, line 782]

Events (20 events):
Event: 1.585 loading class jdk/internal/reflect/ByteVector
Event: 1.585 loading class jdk/internal/reflect/ByteVector done
Event: 1.585 loading class jdk/internal/reflect/ByteVectorImpl done
Event: 1.585 loading class jdk/internal/reflect/ClassFileAssembler
Event: 1.585 loading class jdk/internal/reflect/ClassFileAssembler done
Event: 1.585 loading class jdk/internal/reflect/UTF8
Event: 1.585 loading class jdk/internal/reflect/UTF8 done
Event: 1.586 loading class jdk/internal/reflect/Label
Event: 1.586 loading class jdk/internal/reflect/Label done
Event: 1.586 loading class jdk/internal/reflect/Label$PatchInfo
Event: 1.586 loading class jdk/internal/reflect/Label$PatchInfo done
Event: 1.586 loading class jdk/internal/reflect/MethodAccessorGenerator$1
Event: 1.586 loading class jdk/internal/reflect/MethodAccessorGenerator$1 done
Event: 1.586 loading class jdk/internal/reflect/ClassDefiner
Event: 1.586 loading class jdk/internal/reflect/ClassDefiner done
Event: 1.586 loading class jdk/internal/reflect/ClassDefiner$1
Event: 1.586 loading class jdk/internal/reflect/ClassDefiner$1 done
Event: 1.587 loading class jdk/internal/reflect/BootstrapConstructorAccessorImpl
Event: 1.587 loading class jdk/internal/reflect/BootstrapConstructorAccessorImpl done
Event: 1.590 Thread 0x0000020a15d8a990 Thread added: 0x0000020a15d8a990


Dynamic libraries:
0x00007ff6baf40000 - 0x00007ff6baf4d000 	C:\Users\hiima\Documents\IntelliJ\openjdk-15.0.1\bin\java.exe
0x00007ffaea250000 - 0x00007ffaea446000 	C:\WINDOWS\SYSTEM32\ntdll.dll
0x00007ffae9c40000 - 0x00007ffae9cfd000 	C:\WINDOWS\System32\KERNEL32.DLL
0x00007ffae7d90000 - 0x00007ffae8059000 	C:\WINDOWS\System32\KERNELBASE.dll
0x00007ffae7c10000 - 0x00007ffae7d10000 	C:\WINDOWS\System32\ucrtbase.dll
0x00007ffae3320000 - 0x00007ffae3338000 	C:\Users\hiima\Documents\IntelliJ\openjdk-15.0.1\bin\jli.dll
0x00007ffae3340000 - 0x00007ffae3359000 	C:\Users\hiima\Documents\IntelliJ\openjdk-15.0.1\bin\VCRUNTIME140.dll
0x00007ffae9fc0000 - 0x00007ffaea160000 	C:\WINDOWS\System32\USER32.dll
0x00007ffadbca0000 - 0x00007ffadbf3b000 	C:\WINDOWS\WinSxS\amd64_microsoft.windows.common-controls_6595b64144ccf1df_6.0.19041.488_none_ca04af081b815d21\COMCTL32.dll
0x00007ffae7d10000 - 0x00007ffae7d32000 	C:\WINDOWS\System32\win32u.dll
0x00007ffae9530000 - 0x00007ffae95ce000 	C:\WINDOWS\System32\msvcrt.dll
0x00007ffae8b20000 - 0x00007ffae8b4a000 	C:\WINDOWS\System32\GDI32.dll
0x00007ffae8170000 - 0x00007ffae8279000 	C:\WINDOWS\System32\gdi32full.dll
0x00007ffae7b70000 - 0x00007ffae7c0d000 	C:\WINDOWS\System32\msvcp_win.dll
0x00007ffae95d0000 - 0x00007ffae9600000 	C:\WINDOWS\System32\IMM32.DLL
0x00007ffae3310000 - 0x00007ffae331c000 	C:\Users\hiima\Documents\IntelliJ\openjdk-15.0.1\bin\vcruntime140_1.dll
0x00007ffac6fb0000 - 0x00007ffac7041000 	C:\Users\hiima\Documents\IntelliJ\openjdk-15.0.1\bin\msvcp140.dll
0x00007ffaa7b10000 - 0x00007ffaa866e000 	C:\Users\hiima\Documents\IntelliJ\openjdk-15.0.1\bin\server\jvm.dll
0x00007ffae97b0000 - 0x00007ffae985c000 	C:\WINDOWS\System32\ADVAPI32.dll
0x00007ffae8a80000 - 0x00007ffae8b1c000 	C:\WINDOWS\System32\sechost.dll
0x00007ffae9d00000 - 0x00007ffae9e2b000 	C:\WINDOWS\System32\RPCRT4.dll
0x00007ffae82b0000 - 0x00007ffae82b8000 	C:\WINDOWS\System32\PSAPI.DLL
0x00007ffae5860000 - 0x00007ffae5869000 	C:\WINDOWS\SYSTEM32\WSOCK32.dll
0x00007ffadc730000 - 0x00007ffadc757000 	C:\WINDOWS\SYSTEM32\WINMM.dll
0x00007ffae9610000 - 0x00007ffae967b000 	C:\WINDOWS\System32\WS2_32.dll
0x00007ffae0a30000 - 0x00007ffae0a3a000 	C:\WINDOWS\SYSTEM32\VERSION.dll
0x00007ffae5970000 - 0x00007ffae5982000 	C:\WINDOWS\SYSTEM32\kernel.appcore.dll
0x00007ffae3300000 - 0x00007ffae330a000 	C:\Users\hiima\Documents\IntelliJ\openjdk-15.0.1\bin\jimage.dll
0x00007ffae5630000 - 0x00007ffae5814000 	C:\WINDOWS\SYSTEM32\DBGHELP.DLL
0x00007ffad38d0000 - 0x00007ffad38fc000 	C:\WINDOWS\SYSTEM32\dbgcore.DLL
0x00007ffae7990000 - 0x00007ffae7a10000 	C:\WINDOWS\System32\bcryptPrimitives.dll
0x00007ffadec10000 - 0x00007ffadec1e000 	C:\Users\hiima\Documents\IntelliJ\openjdk-15.0.1\bin\instrument.dll
0x00007ffae32d0000 - 0x00007ffae32f5000 	C:\Users\hiima\Documents\IntelliJ\openjdk-15.0.1\bin\java.dll
0x00007ffae8320000 - 0x00007ffae8a62000 	C:\WINDOWS\System32\SHELL32.dll
0x00007ffae5ae0000 - 0x00007ffae6275000 	C:\WINDOWS\SYSTEM32\windows.storage.dll
0x00007ffae90f0000 - 0x00007ffae9446000 	C:\WINDOWS\System32\combase.dll
0x00007ffae7400000 - 0x00007ffae742c000 	C:\WINDOWS\SYSTEM32\Wldp.dll
0x00007ffaea160000 - 0x00007ffaea20e000 	C:\WINDOWS\System32\SHCORE.dll
0x00007ffae9be0000 - 0x00007ffae9c35000 	C:\WINDOWS\System32\shlwapi.dll
0x00007ffae78c0000 - 0x00007ffae78e6000 	C:\WINDOWS\SYSTEM32\profapi.dll
0x00007ffad6420000 - 0x00007ffad6439000 	C:\Users\hiima\Documents\IntelliJ\openjdk-15.0.1\bin\net.dll
0x00007ffad6a50000 - 0x00007ffad6b50000 	C:\WINDOWS\SYSTEM32\WINHTTP.dll
0x00007ffae7180000 - 0x00007ffae71ea000 	C:\WINDOWS\system32\mswsock.dll
0x00007ffad5c00000 - 0x00007ffad5c12000 	C:\Users\hiima\Documents\IntelliJ\openjdk-15.0.1\bin\nio.dll
0x00007ffad3210000 - 0x00007ffad3228000 	C:\Users\hiima\Documents\IntelliJ\openjdk-15.0.1\bin\zip.dll
0x00007ffacce20000 - 0x00007ffacce3a000 	C:\Program Files\JetBrains\IntelliJ IDEA 2020.2.3\bin\breakgen64.dll
0x0000020a6e660000 - 0x0000020a6e663000 	C:\Users\hiima\Documents\IntelliJ\JavaFxJDK\javafx-sdk-15.0.1\bin\api-ms-win-core-console-l1-1-0.dll
0x0000020a6e670000 - 0x0000020a6e673000 	C:\Users\hiima\Documents\IntelliJ\JavaFxJDK\javafx-sdk-15.0.1\bin\api-ms-win-core-console-l1-2-0.dll
0x0000020a6e680000 - 0x0000020a6e683000 	C:\Users\hiima\Documents\IntelliJ\JavaFxJDK\javafx-sdk-15.0.1\bin\api-ms-win-core-datetime-l1-1-0.dll
0x0000020a70600000 - 0x0000020a70603000 	C:\Users\hiima\Documents\IntelliJ\JavaFxJDK\javafx-sdk-15.0.1\bin\api-ms-win-core-debug-l1-1-0.dll
0x0000020a70610000 - 0x0000020a70613000 	C:\Users\hiima\Documents\IntelliJ\JavaFxJDK\javafx-sdk-15.0.1\bin\api-ms-win-core-errorhandling-l1-1-0.dll
0x0000020a70620000 - 0x0000020a70624000 	C:\Users\hiima\Documents\IntelliJ\JavaFxJDK\javafx-sdk-15.0.1\bin\api-ms-win-core-file-l1-1-0.dll
0x0000020a70630000 - 0x0000020a70633000 	C:\Users\hiima\Documents\IntelliJ\JavaFxJDK\javafx-sdk-15.0.1\bin\api-ms-win-core-file-l1-2-0.dll
0x0000020a7fb40000 - 0x0000020a7fb43000 	C:\Users\hiima\Documents\IntelliJ\JavaFxJDK\javafx-sdk-15.0.1\bin\api-ms-win-core-file-l2-1-0.dll
0x0000020a7fd80000 - 0x0000020a7fd83000 	C:\Users\hiima\Documents\IntelliJ\JavaFxJDK\javafx-sdk-15.0.1\bin\api-ms-win-core-handle-l1-1-0.dll
0x0000020a7fd90000 - 0x0000020a7fd93000 	C:\Users\hiima\Documents\IntelliJ\JavaFxJDK\javafx-sdk-15.0.1\bin\api-ms-win-core-heap-l1-1-0.dll
0x0000020a7fc70000 - 0x0000020a7fc73000 	C:\Users\hiima\Documents\IntelliJ\JavaFxJDK\javafx-sdk-15.0.1\bin\api-ms-win-core-interlocked-l1-1-0.dll
0x0000020a7fc80000 - 0x0000020a7fc83000 	C:\Users\hiima\Documents\IntelliJ\JavaFxJDK\javafx-sdk-15.0.1\bin\api-ms-win-core-libraryloader-l1-1-0.dll
0x0000020a7fc90000 - 0x0000020a7fc93000 	C:\Users\hiima\Documents\IntelliJ\JavaFxJDK\javafx-sdk-15.0.1\bin\api-ms-win-core-localization-l1-2-0.dll
0x0000020a7fca0000 - 0x0000020a7fca3000 	C:\Users\hiima\Documents\IntelliJ\JavaFxJDK\javafx-sdk-15.0.1\bin\api-ms-win-core-memory-l1-1-0.dll
0x0000020a7fc60000 - 0x0000020a7fc63000 	C:\Users\hiima\Documents\IntelliJ\JavaFxJDK\javafx-sdk-15.0.1\bin\api-ms-win-core-namedpipe-l1-1-0.dll
0x0000020a7fcb0000 - 0x0000020a7fcb3000 	C:\Users\hiima\Documents\IntelliJ\JavaFxJDK\javafx-sdk-15.0.1\bin\api-ms-win-core-processenvironment-l1-1-0.dll
0x0000020a7fcc0000 - 0x0000020a7fcc3000 	C:\Users\hiima\Documents\IntelliJ\JavaFxJDK\javafx-sdk-15.0.1\bin\api-ms-win-core-processthreads-l1-1-0.dll
0x0000020a7fcd0000 - 0x0000020a7fcd3000 	C:\Users\hiima\Documents\IntelliJ\JavaFxJDK\javafx-sdk-15.0.1\bin\api-ms-win-core-processthreads-l1-1-1.dll
0x0000020a7fce0000 - 0x0000020a7fce3000 	C:\Users\hiima\Documents\IntelliJ\JavaFxJDK\javafx-sdk-15.0.1\bin\api-ms-win-core-profile-l1-1-0.dll
0x0000020a7fb50000 - 0x0000020a7fb53000 	C:\Users\hiima\Documents\IntelliJ\JavaFxJDK\javafx-sdk-15.0.1\bin\api-ms-win-core-rtlsupport-l1-1-0.dll
0x0000020a7fb60000 - 0x0000020a7fb63000 	C:\Users\hiima\Documents\IntelliJ\JavaFxJDK\javafx-sdk-15.0.1\bin\api-ms-win-core-string-l1-1-0.dll
0x0000020a7fb70000 - 0x0000020a7fb73000 	C:\Users\hiima\Documents\IntelliJ\JavaFxJDK\javafx-sdk-15.0.1\bin\api-ms-win-core-synch-l1-1-0.dll
0x0000020a7fb80000 - 0x0000020a7fb83000 	C:\Users\hiima\Documents\IntelliJ\JavaFxJDK\javafx-sdk-15.0.1\bin\api-ms-win-core-synch-l1-2-0.dll
0x0000020a7fb90000 - 0x0000020a7fb93000 	C:\Users\hiima\Documents\IntelliJ\JavaFxJDK\javafx-sdk-15.0.1\bin\api-ms-win-core-sysinfo-l1-1-0.dll
0x0000020a7fba0000 - 0x0000020a7fba3000 	C:\Users\hiima\Documents\IntelliJ\JavaFxJDK\javafx-sdk-15.0.1\bin\api-ms-win-core-timezone-l1-1-0.dll
0x0000020a7fbb0000 - 0x0000020a7fbb3000 	C:\Users\hiima\Documents\IntelliJ\JavaFxJDK\javafx-sdk-15.0.1\bin\api-ms-win-core-util-l1-1-0.dll
0x0000020a7fbc0000 - 0x0000020a7fbc3000 	C:\Users\hiima\Documents\IntelliJ\JavaFxJDK\javafx-sdk-15.0.1\bin\api-ms-win-crt-conio-l1-1-0.dll
0x0000020a7fbd0000 - 0x0000020a7fbd4000 	C:\Users\hiima\Documents\IntelliJ\JavaFxJDK\javafx-sdk-15.0.1\bin\api-ms-win-crt-convert-l1-1-0.dll
0x0000020a7fbe0000 - 0x0000020a7fbe3000 	C:\Users\hiima\Documents\IntelliJ\JavaFxJDK\javafx-sdk-15.0.1\bin\api-ms-win-crt-environment-l1-1-0.dll
0x0000020a7fbf0000 - 0x0000020a7fbf3000 	C:\Users\hiima\Documents\IntelliJ\JavaFxJDK\javafx-sdk-15.0.1\bin\api-ms-win-crt-filesystem-l1-1-0.dll
0x0000020a7fc00000 - 0x0000020a7fc03000 	C:\Users\hiima\Documents\IntelliJ\JavaFxJDK\javafx-sdk-15.0.1\bin\api-ms-win-crt-heap-l1-1-0.dll
0x0000020a7fc10000 - 0x0000020a7fc13000 	C:\Users\hiima\Documents\IntelliJ\JavaFxJDK\javafx-sdk-15.0.1\bin\api-ms-win-crt-locale-l1-1-0.dll
0x0000020a7fc20000 - 0x0000020a7fc25000 	C:\Users\hiima\Documents\IntelliJ\JavaFxJDK\javafx-sdk-15.0.1\bin\api-ms-win-crt-math-l1-1-0.dll
0x0000020a7fc30000 - 0x0000020a7fc35000 	C:\Users\hiima\Documents\IntelliJ\JavaFxJDK\javafx-sdk-15.0.1\bin\api-ms-win-crt-multibyte-l1-1-0.dll
0x0000020a7fc40000 - 0x0000020a7fc50000 	C:\Users\hiima\Documents\IntelliJ\JavaFxJDK\javafx-sdk-15.0.1\bin\api-ms-win-crt-private-l1-1-0.dll
0x0000020a7fc50000 - 0x0000020a7fc53000 	C:\Users\hiima\Documents\IntelliJ\JavaFxJDK\javafx-sdk-15.0.1\bin\api-ms-win-crt-process-l1-1-0.dll
0x0000020a7fcf0000 - 0x0000020a7fcf4000 	C:\Users\hiima\Documents\IntelliJ\JavaFxJDK\javafx-sdk-15.0.1\bin\api-ms-win-crt-runtime-l1-1-0.dll
0x0000020a7fd00000 - 0x0000020a7fd04000 	C:\Users\hiima\Documents\IntelliJ\JavaFxJDK\javafx-sdk-15.0.1\bin\api-ms-win-crt-stdio-l1-1-0.dll
0x0000020a7fd10000 - 0x0000020a7fd14000 	C:\Users\hiima\Documents\IntelliJ\JavaFxJDK\javafx-sdk-15.0.1\bin\api-ms-win-crt-string-l1-1-0.dll
0x0000020a7fd20000 - 0x0000020a7fd23000 	C:\Users\hiima\Documents\IntelliJ\JavaFxJDK\javafx-sdk-15.0.1\bin\api-ms-win-crt-time-l1-1-0.dll
0x0000020a7fd30000 - 0x0000020a7fd33000 	C:\Users\hiima\Documents\IntelliJ\JavaFxJDK\javafx-sdk-15.0.1\bin\api-ms-win-crt-utility-l1-1-0.dll
0x00007ffac3bf0000 - 0x00007ffac3cec000 	C:\Users\hiima\Documents\IntelliJ\JavaFxJDK\javafx-sdk-15.0.1\bin\ucrtbase.dll
0x00007ffacca60000 - 0x00007ffacca75000 	C:\Users\hiima\Documents\IntelliJ\JavaFxJDK\javafx-sdk-15.0.1\bin\vcruntime140.dll
0x00007ffac4e80000 - 0x00007ffac4f1b000 	C:\Users\hiima\Documents\IntelliJ\JavaFxJDK\javafx-sdk-15.0.1\bin\msvcp140.dll
0x00007ffac9840000 - 0x00007ffac9863000 	C:\Users\hiima\Documents\IntelliJ\JavaFxJDK\javafx-sdk-15.0.1\bin\prism_d3d.dll
0x00007ffab90d0000 - 0x00007ffab929f000 	C:\WINDOWS\system32\d3d9.dll
0x00007ffae5140000 - 0x00007ffae516f000 	C:\WINDOWS\SYSTEM32\dwmapi.dll
0x00007ffae4ff0000 - 0x00007ffae508e000 	C:\WINDOWS\system32\uxtheme.dll
0x00007ffadf7b0000 - 0x00007ffadf89a000 	C:\WINDOWS\System32\DriverStore\FileRepository\nvam.inf_amd64_1aae4f19e68d0780\nvldumdx.dll
0x00007ffae7a10000 - 0x00007ffae7b6d000 	C:\WINDOWS\System32\crypt32.dll
0x00007ffae8060000 - 0x00007ffae80c0000 	C:\WINDOWS\System32\WINTRUST.DLL
0x00007ffae7580000 - 0x00007ffae7592000 	C:\WINDOWS\SYSTEM32\MSASN1.dll
0x00007ffae9e30000 - 0x00007ffae9e4d000 	C:\WINDOWS\System32\imagehlp.dll
0x00007ffae7350000 - 0x00007ffae7368000 	C:\WINDOWS\SYSTEM32\CRYPTSP.dll
0x00007ffae6aa0000 - 0x00007ffae6ad4000 	C:\WINDOWS\system32\rsaenh.dll
0x00007ffae8280000 - 0x00007ffae82a7000 	C:\WINDOWS\System32\bcrypt.dll
0x00007ffae7370000 - 0x00007ffae737c000 	C:\WINDOWS\SYSTEM32\CRYPTBASE.dll
0x00007ffa9dc40000 - 0x00007ffa9ee17000 	C:\WINDOWS\System32\DriverStore\FileRepository\nvam.inf_amd64_1aae4f19e68d0780\nvd3dumx.dll
0x00007ffad5e50000 - 0x00007ffad6102000 	C:\WINDOWS\system32\nvspcap64.dll
0x00007ffae9680000 - 0x00007ffae97aa000 	C:\WINDOWS\System32\ole32.dll
0x00007ffae66d0000 - 0x00007ffae6703000 	C:\WINDOWS\SYSTEM32\ntmarta.dll
0x00007ffac73d0000 - 0x00007ffac7415000 	C:\Users\hiima\Documents\IntelliJ\JavaFxJDK\javafx-sdk-15.0.1\bin\glass.dll
0x00007ffae9ee0000 - 0x00007ffae9fbb000 	C:\WINDOWS\System32\COMDLG32.dll
0x00007ffae8b50000 - 0x00007ffae8c1d000 	C:\WINDOWS\System32\OLEAUT32.dll
0x00007ffae9a10000 - 0x00007ffae9b26000 	C:\WINDOWS\System32\MSCTF.dll
0x00007ffae6f90000 - 0x00007ffae6fdb000 	C:\WINDOWS\system32\powrprof.dll
0x00007ffae6e00000 - 0x00007ffae6e12000 	C:\WINDOWS\SYSTEM32\UMPDC.dll
0x00007ffaddc50000 - 0x00007ffaddd3b000 	C:\Program Files (x86)\NVIDIA Corporation\3D Vision\nvSCPAPI64.dll
0x00007ffae8c80000 - 0x00007ffae90e7000 	C:\WINDOWS\System32\SETUPAPI.dll
0x00007ffae7d40000 - 0x00007ffae7d8e000 	C:\WINDOWS\System32\cfgmgr32.dll
0x00007ffae0980000 - 0x00007ffae09bb000 	C:\WINDOWS\SYSTEM32\dxcore.dll
0x00007ffac73b0000 - 0x00007ffac73c1000 	C:\Users\hiima\Documents\IntelliJ\openjdk-15.0.1\bin\jsound.dll
0x00007ffaba230000 - 0x00007ffaba2cc000 	C:\WINDOWS\SYSTEM32\DSOUND.dll
0x00007ffabe370000 - 0x00007ffabe396000 	C:\WINDOWS\SYSTEM32\winmmbase.dll
0x00007ffae9b30000 - 0x00007ffae9bd9000 	C:\WINDOWS\System32\clbcatq.dll
0x00007ffada830000 - 0x00007ffada8b5000 	C:\WINDOWS\System32\MMDevApi.dll
0x00007ffae7760000 - 0x00007ffae778c000 	C:\WINDOWS\System32\DEVOBJ.dll
0x00007ffac3eb0000 - 0x00007ffac3ef6000 	C:\WINDOWS\SYSTEM32\wdmaud.drv
0x00007ffad2fc0000 - 0x00007ffad2fc9000 	C:\WINDOWS\SYSTEM32\ksuser.dll
0x00007ffae2bf0000 - 0x00007ffae2bfa000 	C:\WINDOWS\SYSTEM32\AVRT.dll
0x00007ffad7450000 - 0x00007ffad75d4000 	C:\WINDOWS\SYSTEM32\AUDIOSES.DLL
0x00007ffacf3d0000 - 0x00007ffacf3dd000 	C:\WINDOWS\SYSTEM32\msacm32.drv

dbghelp: loaded successfully - version: 4.0.5 - missing functions: none
symbol engine: initialized successfully - sym options: 0x614 - pdb path: .;C:\Users\hiima\Documents\IntelliJ\openjdk-15.0.1\bin;C:\WINDOWS\SYSTEM32;C:\WINDOWS\WinSxS\amd64_microsoft.windows.common-controls_6595b64144ccf1df_6.0.19041.488_none_ca04af081b815d21;C:\Users\hiima\Documents\IntelliJ\openjdk-15.0.1\bin\server;C:\Program Files\JetBrains\IntelliJ IDEA 2020.2.3\bin;C:\Users\hiima\Documents\IntelliJ\JavaFxJDK\javafx-sdk-15.0.1\bin;C:\WINDOWS\System32\DriverStore\FileRepository\nvam.inf_amd64_1aae4f19e68d0780;C:\Program Files (x86)\NVIDIA Corporation\3D Vision

VM Arguments:
jvm_args: --module-path=C:\Users\hiima\Documents\IntelliJ\JavaFxJDK\javafx-sdk-15.0.1\lib --add-modules=javafx.controls,javafx.fxml -javaagent:C:\Program Files\JetBrains\IntelliJ IDEA 2020.2.3\lib\idea_rt.jar=51378:C:\Program Files\JetBrains\IntelliJ IDEA 2020.2.3\bin -Dfile.encoding=UTF-8 
java_command: Main
java_class_path (initial): C:\Users\hiima\Documents\GitHub\CSGO-OLDSAT\target\classes;C:\Users\hiima\.m2\repository\org\openjfx\javafx-controls\15\javafx-controls-15.jar;C:\Users\hiima\.m2\repository\org\openjfx\javafx-controls\15\javafx-controls-15-win.jar;C:\Users\hiima\.m2\repository\org\openjfx\javafx-graphics\15\javafx-graphics-15.jar;C:\Users\hiima\.m2\repository\org\openjfx\javafx-graphics\15\javafx-graphics-15-win.jar;C:\Users\hiima\.m2\repository\org\openjfx\javafx-base\15\javafx-base-15.jar;C:\Users\hiima\.m2\repository\org\openjfx\javafx-base\15\javafx-base-15-win.jar;C:\Users\hiima\.m2\repository\org\openjfx\javafx-fxml\15\javafx-fxml-15.jar;C:\Users\hiima\.m2\repository\org\openjfx\javafx-fxml\15\javafx-fxml-15-win.jar;C:\Users\hiima\.m2\repository\com\google\code\gson\gson\2.8.6\gson-2.8.6.jar
Launcher Type: SUN_STANDARD

[Global flags]
     intx CICompilerCount                          = 4                                         {product} {ergonomic}
     uint ConcGCThreads                            = 2                                         {product} {ergonomic}
     uint G1ConcRefinementThreads                  = 8                                         {product} {ergonomic}
   size_t G1HeapRegionSize                         = 2097152                                   {product} {ergonomic}
    uintx GCDrainStackTargetSize                   = 64                                        {product} {ergonomic}
   size_t InitialHeapSize                          = 268435456                                 {product} {ergonomic}
   size_t MarkStackSize                            = 4194304                                   {product} {ergonomic}
   size_t MaxHeapSize                              = 4271898624                                {product} {ergonomic}
   size_t MaxNewSize                               = 2562719744                                {product} {ergonomic}
   size_t MinHeapDeltaBytes                        = 2097152                                   {product} {ergonomic}
   size_t MinHeapSize                              = 8388608                                   {product} {ergonomic}
    uintx NonNMethodCodeHeapSize                   = 5839372                                {pd product} {ergonomic}
    uintx NonProfiledCodeHeapSize                  = 122909434                              {pd product} {ergonomic}
    uintx ProfiledCodeHeapSize                     = 122909434                              {pd product} {ergonomic}
    uintx ReservedCodeCacheSize                    = 251658240                              {pd product} {ergonomic}
     bool SegmentedCodeCache                       = true                                      {product} {ergonomic}
   size_t SoftMaxHeapSize                          = 4271898624                             {manageable} {ergonomic}
     bool UseCompressedClassPointers               = true                                 {lp64_product} {ergonomic}
     bool UseCompressedOops                        = true                                 {lp64_product} {ergonomic}
     bool UseG1GC                                  = true                                      {product} {ergonomic}
     bool UseLargePagesIndividualAllocation        = false                                  {pd product} {ergonomic}

Logging:
Log output configuration:
 #0: stdout all=warning uptime,level,tags
 #1: stderr all=off uptime,level,tags

Environment Variables:
PATH=C:\Program Files (x86)\Common Files\Oracle\Java\javapath;C:\ProgramData\Oracle\Java\javapath;C:\Program Files (x86)\Intel\iCLS Client\;C:\Program Files\Intel\iCLS Client\;C:\Windows\system32;C:\Windows;C:\Windows\System32\Wbem;C:\Windows\System32\WindowsPowerShell\v1.0\;C:\Program Files (x86)\NVIDIA Corporation\PhysX\Common;C:\Program Files (x86)\Intel\Intel(R) Management Engine Components\DAL;C:\Program Files\Intel\Intel(R) Management Engine Components\DAL;C:\Program Files (x86)\Intel\Intel(R) Management Engine Components\IPT;C:\Program Files\Intel\Intel(R) Management Engine Components\IPT;C:\WINDOWS\system32;C:\WINDOWS;C:\WINDOWS\System32\Wbem;C:\WINDOWS\System32\WindowsPowerShell\v1.0\;C:\Program Files\Intel\WiFi\bin\;C:\Program Files\Common Files\Intel\WirelessCommon\;C:\WINDOWS\System32\OpenSSH\;C:\Program Files\NVIDIA Corporation\NVIDIA NvDLISR;C:\WINDOWS\system32;C:\WINDOWS;C:\WINDOWS\System32\Wbem;C:\WINDOWS\System32\WindowsPowerShell\v1.0\;C:\WINDOWS\System32\OpenSSH\;C:\Program Files (x86)\MinGW\bin;C:\Program Files\Git\cmd;C:\Program Files\MySQL\MySQL Shell 8.0\bin\;C:\Users\hiima\AppData\Local\Microsoft\WindowsApps;C:\Users\hiima\AppData\Local\GitHubDesktop\bin
USERNAME=hiima
OS=Windows_NT
PROCESSOR_IDENTIFIER=Intel64 Family 6 Model 94 Stepping 3, GenuineIntel



---------------  S Y S T E M  ---------------

OS:
 Windows 10 , 64 bit Build 19041 (10.0.19041.662)
OS uptime: 0 days 11:23 hours

CPU: total 8 (initial active 8) (4 cores per cpu, 2 threads per core) family 6 model 94 stepping 3 microcode 0xcc, cmov, cx8, fxsr, mmx, sse, sse2, sse3, ssse3, sse4.1, sse4.2, popcnt, vzeroupper, avx, avx2, aes, clmul, erms, rtm, 3dnowpref, lzcnt, ht, tsc, tscinvbit, bmi1, bmi2, adx, fma, clflush, clflushopt

Memory: 4k page, system-wide physical 16291M (9132M free)
TotalPageFile size 18723M (AvailPageFile size 9786M)
current process WorkingSet (physical memory assigned to process): 181M, peak: 182M
current process commit charge ("private bytes"): 394M, peak: 395M

vm_info: OpenJDK 64-Bit Server VM (15.0.1+9-18) for windows-amd64 JRE (15.0.1+9-18), built on Sep 15 2020 14:39:31 by "mach5one" with unknown MS VC++:1925

END.
